<?xml version="1.0" encoding="UTF-8"?>
<!-- Generated by org.testng.reporters.JUnitReportReporter -->
<testsuite hostname="DESKTOP-I3DGD38" failures="0" tests="1" name="com.base.BaseClass" time="174.524" errors="0" timestamp="2023-10-09T23:56:30 EAT" skipped="0">
  <testcase classname="com.base.BaseClass" name="setUp" time="174.524"/>
</testsuite> <!-- com.base.BaseClass -->
